Unity Editor version:    2020.3.23f1 (c5d91304a876)
Branch:                  2020.3/staging
Build type:              Release
Batch mode:              YES
macOS version:           Version 11.5.2 (Build 20G95)
Darwin version:          20.6.0
Architecture:            x86_64
Running under Rosetta:   YES
Available memory:        16384 MB
Using pre-set license
Pro License: NO

COMMAND LINE ARGUMENTS:
/Applications/Unity/Hub/Editor/2020.3.23f1/Unity.app/Contents/MacOS/Unity
-adb2
-batchMode
-noUpm
-name
AssetImportWorker0
-projectPath
/Users/abhishek/work/metaverse-codefest-team
-logFile
Logs/AssetImportWorker0.log
-srvPort
60332
Successfully changed project path to: /Users/abhishek/work/metaverse-codefest-team
/Users/abhishek/work/metaverse-codefest-team
Using Asset Import Pipeline V2.
Refreshing native plugins compatible for Editor in 63.86 ms, found 2 plugins.
Preloading 0 native plugins for Editor in 0.00 ms.
Initialize engine version: 2020.3.23f1 (c5d91304a876)
[Subsystems] Discovering subsystems at path /Applications/Unity/Hub/Editor/2020.3.23f1/Unity.app/Contents/Resources/UnitySubsystems
[Subsystems] Discovering subsystems at path /Users/abhishek/work/metaverse-codefest-team/Assets
GfxDevice: creating device client; threaded=0
2022-04-20 14:44:14.051 Unity[9326:6965951] (null) preferred device: Apple M1 (high power)
2022-04-20 14:44:14.051 Unity[9326:6965951] Metal devices available: 1
2022-04-20 14:44:14.051 Unity[9326:6965951] 0: Apple M1 (high power)
2022-04-20 14:44:14.052 Unity[9326:6965951] Using device Apple M1 (high power)
Initializing Metal device caps: Apple M1
Initialize mono
Mono path[0] = '/Applications/Unity/Hub/Editor/2020.3.23f1/Unity.app/Contents/Managed'
Mono path[1] = '/Applications/Unity/Hub/Editor/2020.3.23f1/Unity.app/Contents/MonoBleedingEdge/lib/mono/unityjit'
Mono config path = '/Applications/Unity/Hub/Editor/2020.3.23f1/Unity.app/Contents/MonoBleedingEdge/etc'
Using monoOptions --debugger-agent=transport=dt_socket,embedding=1,server=y,suspend=n,address=127.0.0.1:56326
Begin MonoManager ReloadAssembly
Registering precompiled unity dll's ...
Register platform support module: /Applications/Unity/Hub/Editor/2020.3.23f1/PlaybackEngines/WebGLSupport/UnityEditor.WebGL.Extensions.dll
Register platform support module: /Applications/Unity/Hub/Editor/2020.3.23f1/Unity.app/Contents/PlaybackEngines/MacStandaloneSupport/UnityEditor.OSXStandalone.Extensions.dll
Registered in 0.002280 seconds.
Native extension for OSXStandalone target not found
Native extension for WebGL target not found
Refreshing native plugins compatible for Editor in 58.23 ms, found 2 plugins.
Preloading 0 native plugins for Editor in 0.00 ms.
Mono: successfully reloaded assembly
- Completed reload, in  1.384 seconds
Domain Reload Profiling:
	ReloadAssembly (1384ms)
		BeginReloadAssembly (99ms)
			ExecutionOrderSort (0ms)
			DisableScriptedObjects (0ms)
			BackupInstance (0ms)
			ReleaseScriptingObjects (0ms)
			CreateAndSetChildDomain (3ms)
		EndReloadAssembly (1147ms)
			LoadAssemblies (97ms)
			RebuildTransferFunctionScriptingTraits (0ms)
			SetupTypeCache (193ms)
			ReleaseScriptCaches (0ms)
			RebuildScriptCaches (47ms)
			SetupLoadedEditorAssemblies (577ms)
				LogAssemblyErrors (0ms)
				InitializePlatformSupportModulesInManaged (15ms)
				SetLoadedEditorAssemblies (1ms)
				RefreshPlugins (58ms)
				BeforeProcessingInitializeOnLoad (30ms)
				ProcessInitializeOnLoadAttributes (355ms)
				ProcessInitializeOnLoadMethodAttributes (117ms)
				AfterProcessingInitializeOnLoad (0ms)
				EditorAssembliesLoaded (1ms)
			ExecutionOrderSort2 (0ms)
			AwakeInstancesAfterBackupRestoration (0ms)
Platform modules already initialized, skipping
Registering precompiled user dll's ...
Registered in 0.003912 seconds.
Begin MonoManager ReloadAssembly
Native extension for OSXStandalone target not found
Native extension for WebGL target not found
Refreshing native plugins compatible for Editor in 0.57 ms, found 2 plugins.
Preloading 0 native plugins for Editor in 0.00 ms.
Mono: successfully reloaded assembly
- Completed reload, in  2.316 seconds
Domain Reload Profiling:
	ReloadAssembly (2318ms)
		BeginReloadAssembly (286ms)
			ExecutionOrderSort (0ms)
			DisableScriptedObjects (33ms)
			BackupInstance (0ms)
			ReleaseScriptingObjects (0ms)
			CreateAndSetChildDomain (41ms)
		EndReloadAssembly (1927ms)
			LoadAssemblies (218ms)
			RebuildTransferFunctionScriptingTraits (0ms)
			SetupTypeCache (370ms)
			ReleaseScriptCaches (1ms)
			RebuildScriptCaches (59ms)
			SetupLoadedEditorAssemblies (1011ms)
				LogAssemblyErrors (0ms)
				InitializePlatformSupportModulesInManaged (17ms)
				SetLoadedEditorAssemblies (2ms)
				RefreshPlugins (1ms)
				BeforeProcessingInitializeOnLoad (123ms)
				ProcessInitializeOnLoadAttributes (839ms)
				ProcessInitializeOnLoadMethodAttributes (28ms)
				AfterProcessingInitializeOnLoad (1ms)
				EditorAssembliesLoaded (0ms)
			ExecutionOrderSort2 (0ms)
			AwakeInstancesAfterBackupRestoration (37ms)
Platform modules already initialized, skipping
Validating Project structure ... 0.038405 seconds.
Shader import version has changed; will reimport all shaders...
Upgrading shader files ...0.056011 seconds.
Application.AssetDatabase Initial Script Refresh Start
RefreshInfo: InitialScriptRefreshV2(NoUpdateAssetOptions) scanfilter:  ... 1 filters
RefreshProfiler: Total: 0.000ms
Application.AssetDatabase Initial Script Refresh End
Application.AssetDatabase.Refresh Start
Application.AssetDatabase.Refresh End
RefreshInfo: StopAssetImportingV2(ForceSynchronousImport) scanfilter: 
RefreshProfiler: Total: 0.000ms
Launching external process: /Applications/Unity/Hub/Editor/2020.3.23f1/Unity.app/Contents/Tools/UnityShaderCompiler
Launched and connected shader compiler UnityShaderCompiler after 0.03 seconds
Initializing Unity extensions:
[C# Project] Writing /Users/abhishek/work/metaverse-codefest-team/metaverse-codefest-team.sln because it has changed
[C# Project] First difference on line 4

[C# Project] Current /Users/abhishek/work/metaverse-codefest-team/metaverse-codefest-team.sln:
[C# Project]   004: Project("{FAE04EC0-301F-11D3-BF4B-00C04F79EFBC}") = "Assembly-CSharp", "Assembly-CSharp.csproj", "{421415A0-CB0D-2C80-262F-950171E22121}"
[C# Project]   005: EndProject
[C# Project]   006: Project("{FAE04EC0-301F-11D3-BF4B-00C04F79EFBC}") = "Assembly-CSharp-firstpass", "Assembly-CSharp-firstpass.csproj", "{91AED156-21D8-C357-C05E-1860FDA8A13C}"
[C# Project]   007: EndProject
[C# Project]   008: Project("{FAE04EC0-301F-11D3-BF4B-00C04F79EFBC}") = "Assembly-CSharp-Editor-firstpass", "Assembly-CSharp-Editor-firstpass.csproj", "{5233F603-D915-CE78-CA0C-C298AC6F59A0}"

[C# Project] New /Users/abhishek/work/metaverse-codefest-team/metaverse-codefest-team.sln:
[C# Project]   004: Project("{FAE04EC0-301F-11D3-BF4B-00C04F79EFBC}") = "UnityEngine.UI", "UnityEngine.UI.csproj", "{7C2691D6-E467-8033-50DC-D829315B9EB5}"
[C# Project]   005: EndProject
[C# Project]   006: Project("{FAE04EC0-301F-11D3-BF4B-00C04F79EFBC}") = "UnityEngine.TestRunner", "UnityEngine.TestRunner.csproj", "{CC2891FD-2FA5-673F-3499-B31BF993C2F3}"
[C# Project]   007: EndProject
[C# Project]   008: Project("{FAE04EC0-301F-11D3-BF4B-00C04F79EFBC}") = "UnityEngine.UI.Tests", "UnityEngine.UI.Tests.csproj", "{227EE0FE-9E84-138C-894D-56D32BB3BBD5}"
[C# Project] Writing /Users/abhishek/work/metaverse-codefest-team/Assembly-CSharp.csproj because it has changed
[C# Project] First difference on line 634

[C# Project] Current /Users/abhishek/work/metaverse-codefest-team/Assembly-CSharp.csproj:
[C# Project]   634:  <Reference Include="Unity.VSCode.Editor">
[C# Project]   635:  <HintPath>/Users/abhishek/work/metaverse-codefest-team/Library/ScriptAssemblies/Unity.VSCode.Editor.dll</HintPath>
[C# Project]   636:  </Reference>
[C# Project]   637:  <Reference Include="Unity.TextMeshPro.Editor">
[C# Project]   638:  <HintPath>/Users/abhishek/work/metaverse-codefest-team/Library/ScriptAssemblies/Unity.TextMeshPro.Editor.dll</HintPath>

[C# Project] New /Users/abhishek/work/metaverse-codefest-team/Assembly-CSharp.csproj:
[C# Project]   634:   </ItemGroup>
[C# Project]   635:   <ItemGroup>
[C# Project]   636:     <ProjectReference Include="Assembly-CSharp-firstpass.csproj">
[C# Project]   637:       <Project>{91AED156-21D8-C357-C05E-1860FDA8A13C}</Project>
[C# Project]   638:       <Name>Assembly-CSharp-firstpass</Name>
[C# Project] Writing /Users/abhishek/work/metaverse-codefest-team/Assembly-CSharp-firstpass.csproj because it has changed
[C# Project] First difference on line 747

[C# Project] Current /Users/abhishek/work/metaverse-codefest-team/Assembly-CSharp-firstpass.csproj:
[C# Project]   747:  <Reference Include="Unity.VSCode.Editor">
[C# Project]   748:  <HintPath>/Users/abhishek/work/metaverse-codefest-team/Library/ScriptAssemblies/Unity.VSCode.Editor.dll</HintPath>
[C# Project]   749:  </Reference>
[C# Project]   750:  <Reference Include="Unity.TextMeshPro.Editor">
[C# Project]   751:  <HintPath>/Users/abhishek/work/metaverse-codefest-team/Library/ScriptAssemblies/Unity.TextMeshPro.Editor.dll</HintPath>

[C# Project] New /Users/abhishek/work/metaverse-codefest-team/Assembly-CSharp-firstpass.csproj:
[C# Project]   747:   </ItemGroup>
[C# Project]   748:   <ItemGroup>
[C# Project]   749:     <ProjectReference Include="Unity.VSCode.Editor.csproj">
[C# Project]   750:       <Project>{3658C5CA-A0B3-B75A-31A7-FB853E896C6A}</Project>
[C# Project]   751:       <Name>Unity.VSCode.Editor</Name>
[C# Project] Writing /Users/abhishek/work/metaverse-codefest-team/Assembly-CSharp-Editor-firstpass.csproj because it has changed
[C# Project] First difference on line 653

[C# Project] Current /Users/abhishek/work/metaverse-codefest-team/Assembly-CSharp-Editor-firstpass.csproj:
[C# Project]   653:  <Reference Include="UnityEngine.TestRunner">
[C# Project]   654:  <HintPath>/Users/abhishek/work/metaverse-codefest-team/Library/ScriptAssemblies/UnityEngine.TestRunner.dll</HintPath>
[C# Project]   655:  </Reference>
[C# Project]   656:  <Reference Include="UnityEditor.TestRunner">
[C# Project]   657:  <HintPath>/Users/abhishek/work/metaverse-codefest-team/Library/ScriptAssemblies/UnityEditor.TestRunner.dll</HintPath>

[C# Project] New /Users/abhishek/work/metaverse-codefest-team/Assembly-CSharp-Editor-firstpass.csproj:
[C# Project]   653:   </ItemGroup>
[C# Project]   654:   <ItemGroup>
[C# Project]   655:     <ProjectReference Include="Assembly-CSharp-firstpass.csproj">
[C# Project]   656:       <Project>{91AED156-21D8-C357-C05E-1860FDA8A13C}</Project>
[C# Project]   657:       <Name>Assembly-CSharp-firstpass</Name>
========================================================================
Worker process is ready to serve import requests
Refreshing native plugins compatible for Editor in 0.60 ms, found 2 plugins.
Preloading 0 native plugins for Editor in 0.00 ms.
Unloading 1634 Unused Serialized files (Serialized files now loaded: 0)
System memory in use before: 207.5 MB.
System memory in use after: 206.7 MB.

Unloading 172 unused Assets to reduce memory usage. Loaded Objects now: 2144.
Total: 2.829375 ms (FindLiveObjects: 0.142917 ms CreateObjectMapping: 0.035833 ms MarkObjects: 2.127875 ms  DeleteObjects: 0.521834 ms)

AssetImportParameters requested are different than current active one (requested -> active):
  custom:video-decoder-ogg-theora: a1e56fd34408186e4bbccfd4996cb3dc -> 
  custom:container-muxer-webm: aa71ff27fc2769a1b78a27578f13a17b -> 
  custom:container-demuxer-webm: 4f35f7cbe854078d1ac9338744f61a02 -> 
  custom:container-demuxer-ogg: 62fdf1f143b41e24485cea50d1cbac27 -> 
  custom:video-encoder-webm-vp8: eb34c28f22e8b96e1ab97ce403110664 -> 
  custom:framework-osx-AVFoundation: e770b220cccbd017edd2c1fefb359320 -> 
  custom:video-decoder-webm-vp8: 9c59270c3fd7afecdb556c50c9e8de78 -> 
  custom:audio-decoder-ogg-vorbis: bf7c407c2cedff20999df2af8eb42d56 -> 
  custom:audio-encoder-webm-vorbis: bf7c407c2cedff20999df2af8eb42d56 -> 
========================================================================
Received Import Request.
  path: Assets/SampleScenes/Scenes/CharacterThirdPersonAI/NavMesh.asset
  artifactKey: Guid(16a894ad965db4c4b87f2774a6863f12) Importer(815301076,1909f56bfc062723c751e8b465ee728b)
Start importing Assets/SampleScenes/Scenes/CharacterThirdPersonAI/NavMesh.asset using Guid(16a894ad965db4c4b87f2774a6863f12) Importer(815301076,1909f56bfc062723c751e8b465ee728b)  -> (artifact id: 'd600ba608db201da8283246fcb4e5af1') in 0.784195 seconds 
  Import took 0.791326 seconds .

========================================================================
Received Import Request.
  Time since last request: 115.753642 seconds.
  path: Assets/Classic Picture Frame/picture.FBX
  artifactKey: Guid(fe8232f2d2f3aff44a1c3b3b1b841658) Importer(815301076,1909f56bfc062723c751e8b465ee728b)
Start importing Assets/Classic Picture Frame/picture.FBX using Guid(fe8232f2d2f3aff44a1c3b3b1b841658) Importer(815301076,1909f56bfc062723c751e8b465ee728b)  -> (artifact id: '58934932bc163f82ae35278ed24c1fdd') in 0.607909 seconds 
  Import took 0.623703 seconds .

========================================================================
Received Prepare
Registering precompiled user dll's ...
Registered in 0.004005 seconds.
Begin MonoManager ReloadAssembly
Native extension for OSXStandalone target not found
Native extension for WebGL target not found
Refreshing native plugins compatible for Editor in 0.58 ms, found 2 plugins.
Preloading 0 native plugins for Editor in 0.00 ms.
Mono: successfully reloaded assembly
- Completed reload, in  2.285 seconds
Domain Reload Profiling:
	ReloadAssembly (2286ms)
		BeginReloadAssembly (252ms)
			ExecutionOrderSort (0ms)
			DisableScriptedObjects (30ms)
			BackupInstance (0ms)
			ReleaseScriptingObjects (0ms)
			CreateAndSetChildDomain (95ms)
		EndReloadAssembly (1932ms)
			LoadAssemblies (221ms)
			RebuildTransferFunctionScriptingTraits (0ms)
			SetupTypeCache (342ms)
			ReleaseScriptCaches (1ms)
			RebuildScriptCaches (51ms)
			SetupLoadedEditorAssemblies (1048ms)
				LogAssemblyErrors (0ms)
				InitializePlatformSupportModulesInManaged (17ms)
				SetLoadedEditorAssemblies (2ms)
				RefreshPlugins (1ms)
				BeforeProcessingInitializeOnLoad (169ms)
				ProcessInitializeOnLoadAttributes (833ms)
				ProcessInitializeOnLoadMethodAttributes (25ms)
				AfterProcessingInitializeOnLoad (1ms)
				EditorAssembliesLoaded (0ms)
			ExecutionOrderSort2 (0ms)
			AwakeInstancesAfterBackupRestoration (33ms)
Platform modules already initialized, skipping
Refreshing native plugins compatible for Editor in 0.55 ms, found 2 plugins.
Preloading 0 native plugins for Editor in 0.00 ms.
Unloading 1608 Unused Serialized files (Serialized files now loaded: 0)
System memory in use before: 211.7 MB.
System memory in use after: 211.3 MB.

Unloading 18 unused Assets to reduce memory usage. Loaded Objects now: 2156.
Total: 2.406708 ms (FindLiveObjects: 0.124667 ms CreateObjectMapping: 0.032834 ms MarkObjects: 1.921666 ms  DeleteObjects: 0.326583 ms)

AssetImportParameters requested are different than current active one (requested -> active):
  custom:video-decoder-ogg-theora: a1e56fd34408186e4bbccfd4996cb3dc -> 
  custom:container-muxer-webm: aa71ff27fc2769a1b78a27578f13a17b -> 
  custom:container-demuxer-webm: 4f35f7cbe854078d1ac9338744f61a02 -> 
  custom:container-demuxer-ogg: 62fdf1f143b41e24485cea50d1cbac27 -> 
  custom:video-encoder-webm-vp8: eb34c28f22e8b96e1ab97ce403110664 -> 
  custom:framework-osx-AVFoundation: e770b220cccbd017edd2c1fefb359320 -> 
  custom:video-decoder-webm-vp8: 9c59270c3fd7afecdb556c50c9e8de78 -> 
  custom:audio-decoder-ogg-vorbis: bf7c407c2cedff20999df2af8eb42d56 -> 
  custom:audio-encoder-webm-vorbis: bf7c407c2cedff20999df2af8eb42d56 -> 
========================================================================
Received Prepare
Registering precompiled user dll's ...
Registered in 0.005275 seconds.
Begin MonoManager ReloadAssembly
Native extension for OSXStandalone target not found
Native extension for WebGL target not found
Refreshing native plugins compatible for Editor in 0.67 ms, found 2 plugins.
Preloading 0 native plugins for Editor in 0.00 ms.
Mono: successfully reloaded assembly
- Completed reload, in  2.367 seconds
Domain Reload Profiling:
	ReloadAssembly (2368ms)
		BeginReloadAssembly (246ms)
			ExecutionOrderSort (0ms)
			DisableScriptedObjects (34ms)
			BackupInstance (0ms)
			ReleaseScriptingObjects (0ms)
			CreateAndSetChildDomain (86ms)
		EndReloadAssembly (2016ms)
			LoadAssemblies (224ms)
			RebuildTransferFunctionScriptingTraits (0ms)
			SetupTypeCache (356ms)
			ReleaseScriptCaches (1ms)
			RebuildScriptCaches (54ms)
			SetupLoadedEditorAssemblies (1089ms)
				LogAssemblyErrors (0ms)
				InitializePlatformSupportModulesInManaged (18ms)
				SetLoadedEditorAssemblies (2ms)
				RefreshPlugins (1ms)
				BeforeProcessingInitializeOnLoad (182ms)
				ProcessInitializeOnLoadAttributes (859ms)
				ProcessInitializeOnLoadMethodAttributes (26ms)
				AfterProcessingInitializeOnLoad (1ms)
				EditorAssembliesLoaded (1ms)
			ExecutionOrderSort2 (0ms)
			AwakeInstancesAfterBackupRestoration (32ms)
Platform modules already initialized, skipping
Refreshing native plugins compatible for Editor in 0.64 ms, found 2 plugins.
Preloading 0 native plugins for Editor in 0.00 ms.
Unloading 1608 Unused Serialized files (Serialized files now loaded: 0)
System memory in use before: 211.9 MB.
System memory in use after: 211.5 MB.

Unloading 16 unused Assets to reduce memory usage. Loaded Objects now: 2158.
Total: 2.987708 ms (FindLiveObjects: 0.156125 ms CreateObjectMapping: 0.033083 ms MarkObjects: 2.364250 ms  DeleteObjects: 0.433166 ms)

AssetImportParameters requested are different than current active one (requested -> active):
  custom:video-decoder-ogg-theora: a1e56fd34408186e4bbccfd4996cb3dc -> 
  custom:container-muxer-webm: aa71ff27fc2769a1b78a27578f13a17b -> 
  custom:container-demuxer-webm: 4f35f7cbe854078d1ac9338744f61a02 -> 
  custom:container-demuxer-ogg: 62fdf1f143b41e24485cea50d1cbac27 -> 
  custom:video-encoder-webm-vp8: eb34c28f22e8b96e1ab97ce403110664 -> 
  custom:framework-osx-AVFoundation: e770b220cccbd017edd2c1fefb359320 -> 
  custom:video-decoder-webm-vp8: 9c59270c3fd7afecdb556c50c9e8de78 -> 
  custom:audio-decoder-ogg-vorbis: bf7c407c2cedff20999df2af8eb42d56 -> 
  custom:audio-encoder-webm-vorbis: bf7c407c2cedff20999df2af8eb42d56 -> 
